GROUP,PACKAGE,CLASS,INSTRUCTION_MISSED,INSTRUCTION_COVERED,BRANCH_MISSED,BRANCH_COVERED,LINE_MISSED,LINE_COVERED,COMPLEXITY_MISSED,COMPLEXITY_COVERED,METHOD_MISSED,METHOD_COVERED
homework2,edu.postech.csed332.homework2,Element,0,10,0,0,0,4,0,3,0,3
homework2,edu.postech.csed332.homework2,Book,0,146,0,12,0,28,0,17,0,11
homework2,edu.postech.csed332.homework2,Collection.new JsonDeserializer() {...},5,57,1,5,1,11,1,4,0,2
homework2,edu.postech.csed332.homework2,Collection.new JsonSerializer() {...},0,63,0,4,0,16,0,4,0,2
homework2,edu.postech.csed332.homework2,Library,53,286,1,27,9,79,1,19,0,6
homework2,edu.postech.csed332.homework2,Collection,0,194,0,28,0,51,0,22,0,8
